#
# There is insufficient memory for the Java Runtime Environment to continue.
# Native memory allocation (malloc) failed to allocate 372784 bytes. Error detail: Chunk::new
# Possible reasons:
#   The system is out of physical RAM or swap space
#   This process is running with CompressedOops enabled, and the Java Heap may be blocking the growth of the native heap
# Possible solutions:
#   Reduce memory load on the system
#   Increase physical memory or swap space
#   Check if swap backing store is full
#   Decrease Java heap size (-Xmx/-Xms)
#   Decrease number of Java threads
#   Decrease Java thread stack sizes (-Xss)
#   Set larger code cache with -XX:ReservedCodeCacheSize=
#   JVM is running with Unscaled Compressed Oops mode in which the Java heap is
#     placed in the first 4GB address space. The Java Heap base address is the
#     maximum limit for the native heap growth. Please use -XX:HeapBaseMinAddress
#     to set the Java Heap base and to place the Java Heap above 4GB virtual address.
# This output file may be truncated or incomplete.
#
#  Out of Memory Error (arena.cpp:168), pid=28068, tid=26800
#
# JRE version: OpenJDK Runtime Environment Temurin-21.0.8+9 (21.0.8+9) (build 21.0.8+9-LTS)
# Java VM: OpenJDK 64-Bit Server VM Temurin-21.0.8+9 (21.0.8+9-LTS, mixed mode, sharing, tiered, compressed oops, compressed class ptrs, parallel gc, windows-amd64)
# No core dump will be written. Minidumps are not enabled by default on client versions of Windows
#

---------------  S U M M A R Y ------------

Command Line: --add-modules=ALL-SYSTEM --add-opens=java.base/java.util=ALL-UNNAMED --add-opens=java.base/java.lang=ALL-UNNAMED --add-opens=java.base/sun.nio.fs=ALL-UNNAMED -Declipse.application=org.eclipse.jdt.ls.core.id1 -Dosgi.bundles.defaultStartLevel=4 -Declipse.product=org.eclipse.jdt.ls.core.product -Djava.import.generatesMetadataFilesAtProjectRoot=false -DDetectVMInstallationsJob.disabled=true -Dfile.encoding=utf8 -XX:+UseParallelGC -XX:GCTimeRatio=4 -XX:AdaptiveSizePolicyWeight=90 -Dsun.zip.disableMemoryMapping=true -Xmx2G -Xms100m -Xlog:disable -javaagent:c:\Users\ASUS\.vscode\extensions\redhat.java-1.47.0-win32-x64\lombok\lombok-1.18.39-4050.jar -XX:+HeapDumpOnOutOfMemoryError -XX:HeapDumpPath=c:\Users\ASUS\AppData\Roaming\Code\User\workspaceStorage\41b0d790908de6682153e4c90fa9ee02\redhat.java -Daether.dependencyCollector.impl=bf c:\Users\ASUS\.vscode\extensions\redhat.java-1.47.0-win32-x64\server\plugins\org.eclipse.equinox.launcher_1.7.100.v20251014-1222.jar -configuration c:\Users\ASUS\AppData\Roaming\Code\User\globalStorage\redhat.java\1.47.0\config_win -data c:\Users\ASUS\AppData\Roaming\Code\User\workspaceStorage\41b0d790908de6682153e4c90fa9ee02\redhat.java\jdt_ws --pipe=\\.\pipe\lsp-d079cf50e6b1a3ede3d5f0f43080d5ae-sock

Host: AMD Ryzen 5 4500U with Radeon Graphics         , 6 cores, 15G,  Windows 11 , 64 bit Build 22621 (10.0.22621.5415)
Time: Sun Nov  2 16:50:04 2025 Afr. centrale Ouest elapsed time: 13.678204 seconds (0d 0h 0m 13s)

---------------  T H R E A D  ---------------

Current thread (0x0000018af18145e0):  JavaThread "C2 CompilerThread0" daemon [_thread_in_native, id=26800, stack(0x000000738df00000,0x000000738e000000) (1024K)]


Current CompileTask:
C2:13678 6217 %     4       java.util.zip.ZipFile$Source::initCEN @ 261 (612 bytes)

Stack: [0x000000738df00000,0x000000738e000000]
Native frames: (J=compiled Java code, j=interpreted, Vv=VM code, C=native code)
V  [jvm.dll+0x6d2449]
V  [jvm.dll+0x8ae341]
V  [jvm.dll+0x8b08be]
V  [jvm.dll+0x8b0fa3]
V  [jvm.dll+0x280c96]
V  [jvm.dll+0xc581d]
V  [jvm.dll+0xc5d53]
V  [jvm.dll+0x3b919c]
V  [jvm.dll+0x1e1213]
V  [jvm.dll+0x249022]
V  [jvm.dll+0x2484af]
V  [jvm.dll+0x1c89ee]
V  [jvm.dll+0x257d4d]
V  [jvm.dll+0x2562ea]
V  [jvm.dll+0x3f2d16]
V  [jvm.dll+0x857e6b]
V  [jvm.dll+0x6d0b0d]
C  [ucrtbase.dll+0x29333]
C  [KERNEL32.DLL+0x1259d]
C  [ntdll.dll+0x5af78]


---------------  P R O C E S S  ---------------

Threads class SMR info:
_java_thread_list=0x0000018afa758510, length=40, elements={
0x0000018adade8ce0, 0x0000018af1808620, 0x0000018af1809ed0, 0x0000018af180d7c0,
0x0000018af180e6d0, 0x0000018af180f9f0, 0x0000018af1813860, 0x0000018af18145e0,
0x0000018af182d540, 0x0000018af2b0a150, 0x0000018af2d8cab0, 0x0000018af75cf270,
0x0000018af75d19d0, 0x0000018af75cf900, 0x0000018af75d1340, 0x0000018af75cebe0,
0x0000018af75d2060, 0x0000018af75cff90, 0x0000018af72b9640, 0x0000018af72ba9f0,
0x0000018af72bd150, 0x0000018af72b61c0, 0x0000018af72bd7e0, 0x0000018af72bbda0,
0x0000018af72b8fb0, 0x0000018af72bcac0, 0x0000018af72bb710, 0x0000018af72bb080,
0x0000018af72b6ee0, 0x0000018af72b6850, 0x0000018af72b8920, 0x0000018af72b7570,
0x0000018af72b7c00, 0x0000018af72b8290, 0x0000018af72b9cd0, 0x0000018af72ba360,
0x0000018af72bc430, 0x0000018afa6ccec0, 0x0000018afa6cd550, 0x0000018af72c6f70
}

Java Threads: ( => current thread )
  0x0000018adade8ce0 JavaThread "main"                              [_thread_blocked, id=33112, stack(0x000000738d400000,0x000000738d500000) (1024K)]
  0x0000018af1808620 JavaThread "Reference Handler"          daemon [_thread_blocked, id=33428, stack(0x000000738d900000,0x000000738da00000) (1024K)]
  0x0000018af1809ed0 JavaThread "Finalizer"                  daemon [_thread_blocked, id=31816, stack(0x000000738da00000,0x000000738db00000) (1024K)]
  0x0000018af180d7c0 JavaThread "Signal Dispatcher"          daemon [_thread_blocked, id=23300, stack(0x000000738db00000,0x000000738dc00000) (1024K)]
  0x0000018af180e6d0 JavaThread "Attach Listener"            daemon [_thread_blocked, id=26744, stack(0x000000738dc00000,0x000000738dd00000) (1024K)]
  0x0000018af180f9f0 JavaThread "Service Thread"             daemon [_thread_blocked, id=12840, stack(0x000000738dd00000,0x000000738de00000) (1024K)]
  0x0000018af1813860 JavaThread "Monitor Deflation Thread"   daemon [_thread_blocked, id=4292, stack(0x000000738de00000,0x000000738df00000) (1024K)]
=>0x0000018af18145e0 JavaThread "C2 CompilerThread0"         daemon [_thread_in_native, id=26800, stack(0x000000738df00000,0x000000738e000000) (1024K)]
  0x0000018af182d540 JavaThread "C1 CompilerThread0"         daemon [_thread_blocked, id=17992, stack(0x000000738e000000,0x000000738e100000) (1024K)]
  0x0000018af2b0a150 JavaThread "Common-Cleaner"             daemon [_thread_blocked, id=4116, stack(0x000000738e100000,0x000000738e200000) (1024K)]
  0x0000018af2d8cab0 JavaThread "Notification Thread"        daemon [_thread_blocked, id=3056, stack(0x000000738e200000,0x000000738e300000) (1024K)]
  0x0000018af75cf270 JavaThread "Active Thread: Equinox Container: 7b8a94a8-aeaf-4a7c-8b83-6804fbe5ec9d"        [_thread_blocked, id=20676, stack(0x000000738e900000,0x000000738ea00000) (1024K)]
  0x0000018af75d19d0 JavaThread "Refresh Thread: Equinox Container: 7b8a94a8-aeaf-4a7c-8b83-6804fbe5ec9d" daemon [_thread_blocked, id=9112, stack(0x000000738e300000,0x000000738e400000) (1024K)]
  0x0000018af75cf900 JavaThread "Framework Event Dispatcher: Equinox Container: 7b8a94a8-aeaf-4a7c-8b83-6804fbe5ec9d" daemon [_thread_blocked, id=32220, stack(0x000000738ea00000,0x000000738eb00000) (1024K)]
  0x0000018af75d1340 JavaThread "Start Level: Equinox Container: 7b8a94a8-aeaf-4a7c-8b83-6804fbe5ec9d" daemon [_thread_blocked, id=2512, stack(0x000000738eb00000,0x000000738ec00000) (1024K)]
  0x0000018af75cebe0 JavaThread "Bundle File Closer"         daemon [_thread_blocked, id=28096, stack(0x000000738ed00000,0x000000738ee00000) (1024K)]
  0x0000018af75d2060 JavaThread "SCR Component Actor"        daemon [_thread_blocked, id=33536, stack(0x000000738ec00000,0x000000738ed00000) (1024K)]
  0x0000018af75cff90 JavaThread "Worker-JM"                         [_thread_blocked, id=24032, stack(0x000000738ee00000,0x000000738ef00000) (1024K)]
  0x0000018af72b9640 JavaThread "JNA Cleaner"                daemon [_thread_blocked, id=31760, stack(0x000000738f000000,0x000000738f100000) (1024K)]
  0x0000018af72ba9f0 JavaThread "Worker-0"                          [_thread_blocked, id=33648, stack(0x000000738f100000,0x000000738f200000) (1024K)]
  0x0000018af72bd150 JavaThread "Worker-1"                          [_thread_blocked, id=24920, stack(0x000000738f200000,0x000000738f300000) (1024K)]
  0x0000018af72b61c0 JavaThread "Java indexing"              daemon [_thread_blocked, id=32560, stack(0x000000738f300000,0x000000738f400000) (1024K)]
  0x0000018af72bd7e0 JavaThread "Worker-2"                          [_thread_blocked, id=30328, stack(0x000000738f400000,0x000000738f500000) (1024K)]
  0x0000018af72bbda0 JavaThread "Worker-3"                          [_thread_blocked, id=1632, stack(0x000000738f700000,0x000000738f800000) (1024K)]
  0x0000018af72b8fb0 JavaThread "Thread-1"                   daemon [_thread_in_native, id=15112, stack(0x000000738f800000,0x000000738f900000) (1024K)]
  0x0000018af72bcac0 JavaThread "Thread-2"                   daemon [_thread_in_native, id=31432, stack(0x000000738f900000,0x000000738fa00000) (1024K)]
  0x0000018af72bb710 JavaThread "Thread-3"                   daemon [_thread_in_native, id=2800, stack(0x000000738fa00000,0x000000738fb00000) (1024K)]
  0x0000018af72bb080 JavaThread "Thread-4"                   daemon [_thread_in_native, id=29208, stack(0x000000738fb00000,0x000000738fc00000) (1024K)]
  0x0000018af72b6ee0 JavaThread "Thread-5"                   daemon [_thread_in_native, id=7356, stack(0x000000738fc00000,0x000000738fd00000) (1024K)]
  0x0000018af72b6850 JavaThread "Thread-6"                   daemon [_thread_in_native, id=19084, stack(0x000000738fd00000,0x000000738fe00000) (1024K)]
  0x0000018af72b8920 JavaThread "Thread-7"                   daemon [_thread_in_native, id=27784, stack(0x000000738fe00000,0x000000738ff00000) (1024K)]
  0x0000018af72b7570 JavaThread "pool-2-thread-1"                   [_thread_blocked, id=33568, stack(0x000000738ff00000,0x0000007390000000) (1024K)]
  0x0000018af72b7c00 JavaThread "ForkJoinPool.commonPool-worker-1" daemon [_thread_blocked, id=29492, stack(0x000000738ef00000,0x000000738f000000) (1024K)]
  0x0000018af72b8290 JavaThread "ForkJoinPool.commonPool-worker-2" daemon [_thread_blocked, id=4084, stack(0x0000007390000000,0x0000007390100000) (1024K)]
  0x0000018af72b9cd0 JavaThread "ForkJoinPool.commonPool-worker-3" daemon [_thread_blocked, id=5024, stack(0x0000007390100000,0x0000007390200000) (1024K)]
  0x0000018af72ba360 JavaThread "WorkspaceEventsHandler"            [_thread_blocked, id=8508, stack(0x0000007390200000,0x0000007390300000) (1024K)]
  0x0000018af72bc430 JavaThread "ForkJoinPool.commonPool-worker-4" daemon [_thread_blocked, id=14516, stack(0x0000007390300000,0x0000007390400000) (1024K)]
  0x0000018afa6ccec0 JavaThread "pool-1-thread-1"                   [_thread_blocked, id=24916, stack(0x0000007390400000,0x0000007390500000) (1024K)]
  0x0000018afa6cd550 JavaThread "ForkJoinPool.commonPool-worker-5" daemon [_thread_blocked, id=31860, stack(0x0000007390600000,0x0000007390700000) (1024K)]
  0x0000018af72c6f70 JavaThread "C2 CompilerThread1"         daemon [_thread_blocked, id=17172, stack(0x0000007390500000,0x0000007390600000) (1024K)]
Total: 40

Other Threads:
  0x0000018adae87a80 VMThread "VM Thread"                           [id=32724, stack(0x000000738d800000,0x000000738d900000) (1024K)]
  0x0000018af175ca00 WatcherThread "VM Periodic Task Thread"        [id=19692, stack(0x000000738d700000,0x000000738d800000) (1024K)]
  0x0000018adae072d0 WorkerThread "GC Thread#0"                     [id=27212, stack(0x000000738d600000,0x000000738d700000) (1024K)]
  0x0000018af75e0410 WorkerThread "GC Thread#1"                     [id=33728, stack(0x000000738e400000,0x000000738e500000) (1024K)]
  0x0000018af75e07b0 WorkerThread "GC Thread#2"                     [id=33404, stack(0x000000738e500000,0x000000738e600000) (1024K)]
  0x0000018af7525620 WorkerThread "GC Thread#3"                     [id=32148, stack(0x000000738e600000,0x000000738e700000) (1024K)]
  0x0000018af75259c0 WorkerThread "GC Thread#4"                     [id=14096, stack(0x000000738e700000,0x000000738e800000) (1024K)]
  0x0000018af7525d60 WorkerThread "GC Thread#5"                     [id=23436, stack(0x000000738e800000,0x000000738e900000) (1024K)]
Total: 8

Threads with active compile tasks:
C2 CompilerThread0  13713 6217 %     4       java.util.zip.ZipFile$Source::initCEN @ 261 (612 bytes)
Total: 1

VM state: not at safepoint (normal execution)

VM Mutex/Monitor currently owned by a thread: None

Heap address: 0x0000000080000000, size: 2048 MB, Compressed Oops mode: 32-bit

CDS archive(s) mapped at: [0x0000018a80000000-0x0000018a80ba0000-0x0000018a80ba0000), size 12189696, SharedBaseAddress: 0x0000018a80000000, ArchiveRelocationMode: 1.
Compressed class space mapped at: 0x0000018a81000000-0x0000018ac1000000, reserved size: 1073741824
Narrow klass base: 0x0000018a80000000, Narrow klass shift: 0, Narrow klass range: 0x100000000

GC Precious Log:
 CardTable entry size: 512
 CPUs: 6 total, 6 available
 Memory: 15792M
 Large Page Support: Disabled
 NUMA Support: Disabled
 Compressed Oops: Enabled (32-bit)
 Alignments: Space 512K, Generation 512K, Heap 2M
 Heap Min Capacity: 100M
 Heap Initial Capacity: 100M
 Heap Max Capacity: 2G
 Pre-touch: Disabled
 Parallel Workers: 6

Heap:
 PSYoungGen      total 25088K, used 20730K [0x00000000d5580000, 0x00000000d7100000, 0x0000000100000000)
  eden space 22016K, 82% used [0x00000000d5580000,0x00000000d672a960,0x00000000d6b00000)
  from space 3072K, 85% used [0x00000000d6e00000,0x00000000d7094010,0x00000000d7100000)
  to   space 3072K, 0% used [0x00000000d6b00000,0x00000000d6b00000,0x00000000d6e00000)
 ParOldGen       total 68608K, used 23282K [0x0000000080000000, 0x0000000084300000, 0x00000000d5580000)
  object space 68608K, 33% used [0x0000000080000000,0x00000000816bc870,0x0000000084300000)
 Metaspace       used 45573K, committed 46784K, reserved 1114112K
  class space    used 4985K, committed 5504K, reserved 1048576K

Card table byte_map: [0x0000018ada7b0000,0x0000018adabc0000] _byte_map_base: 0x0000018ada3b0000

Marking Bits: (ParMarkBitMap*) 0x00007ffdd123a340
 Begin Bits: [0x0000018aed280000, 0x0000018aef280000)
 End Bits:   [0x0000018aef280000, 0x0000018af1280000)

Polling page: 0x0000018ada5a0000

Metaspace:

Usage:
  Non-class:     39.64 MB used.
      Class:      4.87 MB used.
       Both:     44.51 MB used.

Virtual space:
  Non-class space:       64.00 MB reserved,      40.31 MB ( 63%) committed,  1 nodes.
      Class space:        1.00 GB reserved,       5.38 MB ( <1%) committed,  1 nodes.
             Both:        1.06 GB reserved,      45.69 MB (  4%) committed. 

Chunk freelists:
   Non-Class:  7.03 MB
       Class:  10.50 MB
        Both:  17.53 MB

MaxMetaspaceSize: unlimited
CompressedClassSpaceSize: 1.00 GB
Initial GC threshold: 21.00 MB
Current GC threshold: 58.38 MB
CDS: on
 - commit_granule_bytes: 65536.
 - commit_granule_words: 8192.
 - virtual_space_node_default_size: 8388608.
 - enlarge_chunks_in_place: 1.
 - use_allocation_guard: 0.


Internal statistics:

num_allocs_failed_limit: 6.
num_arena_births: 960.
num_arena_deaths: 14.
num_vsnodes_births: 2.
num_vsnodes_deaths: 0.
num_space_committed: 731.
num_space_uncommitted: 0.
num_chunks_returned_to_freelist: 20.
num_chunks_taken_from_freelist: 2952.
num_chunk_merges: 12.
num_chunk_splits: 1878.
num_chunks_enlarged: 1134.
num_inconsistent_stats: 0.

CodeHeap 'non-profiled nmethods': size=120000Kb used=3007Kb max_used=3007Kb free=116993Kb
 bounds [0x0000018ae5aa0000, 0x0000018ae5d90000, 0x0000018aecfd0000]
CodeHeap 'profiled nmethods': size=120000Kb used=11794Kb max_used=11794Kb free=108205Kb
 bounds [0x0000018addfd0000, 0x0000018adeb60000, 0x0000018ae5500000]
CodeHeap 'non-nmethods': size=5760Kb used=1364Kb max_used=1433Kb free=4395Kb
 bounds [0x0000018ae5500000, 0x0000018ae5770000, 0x0000018ae5aa0000]
CodeCache: size=245760Kb, used=16165Kb, max_used=16234Kb, free=229593Kb
 total_blobs=6308, nmethods=5645, adapters=569, full_count=0
Compilation: enabled, stopped_count=0, restarted_count=0

Compilation events (20 events):
Event: 13.642 Thread 0x0000018af182d540 6216       3       java.util.jar.Attributes$Name::of (28 bytes)
Event: 13.643 Thread 0x0000018af182d540 nmethod 6216 0x0000018adeb4fd90 code [0x0000018adeb4ffa0, 0x0000018adeb504d0]
Event: 13.643 Thread 0x0000018af18145e0 6217 %     4       java.util.zip.ZipFile$Source::initCEN @ 261 (612 bytes)
Event: 13.657 Thread 0x0000018af182d540 6218       3       org.eclipse.osgi.internal.framework.EquinoxBundle::isFragment (19 bytes)
Event: 13.657 Thread 0x0000018af182d540 nmethod 6218 0x0000018adeb50710 code [0x0000018adeb508e0, 0x0000018adeb50ba8]
Event: 13.661 Thread 0x0000018af182d540 6219       3       sun.nio.fs.WindowsFileAttributes::fromFileAttributeData (104 bytes)
Event: 13.661 Thread 0x0000018af182d540 nmethod 6219 0x0000018adeb50d10 code [0x0000018adeb50f00, 0x0000018adeb513a8]
Event: 13.665 Thread 0x0000018af72c6f70 6220       4       java.util.LinkedHashMap::afterNodeInsertion (40 bytes)
Event: 13.666 Thread 0x0000018af72c6f70 nmethod 6220 0x0000018ae5d8ee90 code [0x0000018ae5d8f020, 0x0000018ae5d8f0c8]
Event: 13.669 Thread 0x0000018af182d540 6221  s    3       java.io.ByteArrayInputStream::read (73 bytes)
Event: 13.669 Thread 0x0000018af182d540 nmethod 6221 0x0000018adeb51610 code [0x0000018adeb51800, 0x0000018adeb51de0]
Event: 13.669 Thread 0x0000018af72c6f70 6222   !   4       jdk.internal.ref.PhantomCleanable::remove (60 bytes)
Event: 13.671 Thread 0x0000018af72c6f70 nmethod 6222 0x0000018ae5d8f190 code [0x0000018ae5d8f320, 0x0000018ae5d8f618]
Event: 13.673 Thread 0x0000018af72c6f70 6223 %     4       java.util.Arrays::fill @ 5 (21 bytes)
Event: 13.673 Thread 0x0000018af182d540 6224   !   3       java.util.zip.ZipFile::close (44 bytes)
Event: 13.673 Thread 0x0000018af182d540 nmethod 6224 0x0000018adeb51f90 code [0x0000018adeb521c0, 0x0000018adeb52898]
Event: 13.675 Thread 0x0000018af182d540 6225   !   3       java.util.zip.ZipFile$CleanableResource::run (251 bytes)
Event: 13.676 Thread 0x0000018af182d540 nmethod 6225 0x0000018adeb52c10 code [0x0000018adeb52ee0, 0x0000018adeb53f58]
Event: 13.676 Thread 0x0000018af182d540 6226       3       java.util.Collections$SetFromMap::isEmpty (10 bytes)
Event: 13.676 Thread 0x0000018af182d540 nmethod 6226 0x0000018adeb54710 code [0x0000018adeb548c0, 0x0000018adeb54a98]

GC Heap History (20 events):
Event: 8.588 GC heap before
{Heap before GC invocations=11 (full 1):
 PSYoungGen      total 25088K, used 24970K [0x00000000d5580000, 0x00000000d7300000, 0x0000000100000000)
  eden space 23552K, 100% used [0x00000000d5580000,0x00000000d6c80000,0x00000000d6c80000)
  from space 1536K, 92% used [0x00000000d6f00000,0x00000000d7062a28,0x00000000d7080000)
  to   space 2048K, 0% used [0x00000000d7100000,0x00000000d7100000,0x00000000d7300000)
 ParOldGen       total 68608K, used 12749K [0x0000000080000000, 0x0000000084300000, 0x00000000d5580000)
  object space 68608K, 18% used [0x0000000080000000,0x0000000080c735e0,0x0000000084300000)
 Metaspace       used 28028K, committed 29056K, reserved 1114112K
  class space    used 2762K, committed 3200K, reserved 1048576K
}
Event: 8.591 GC heap after
{Heap after GC invocations=11 (full 1):
 PSYoungGen      total 25088K, used 1883K [0x00000000d5580000, 0x00000000d7300000, 0x0000000100000000)
  eden space 23040K, 0% used [0x00000000d5580000,0x00000000d5580000,0x00000000d6c00000)
  from space 2048K, 91% used [0x00000000d7100000,0x00000000d72d6da0,0x00000000d7300000)
  to   space 2048K, 0% used [0x00000000d6f00000,0x00000000d6f00000,0x00000000d7100000)
 ParOldGen       total 68608K, used 14502K [0x0000000080000000, 0x0000000084300000, 0x00000000d5580000)
  object space 68608K, 21% used [0x0000000080000000,0x0000000080e299a0,0x0000000084300000)
 Metaspace       used 28028K, committed 29056K, reserved 1114112K
  class space    used 2762K, committed 3200K, reserved 1048576K
}
Event: 9.153 GC heap before
{Heap before GC invocations=12 (full 1):
 PSYoungGen      total 25088K, used 24923K [0x00000000d5580000, 0x00000000d7300000, 0x0000000100000000)
  eden space 23040K, 100% used [0x00000000d5580000,0x00000000d6c00000,0x00000000d6c00000)
  from space 2048K, 91% used [0x00000000d7100000,0x00000000d72d6da0,0x00000000d7300000)
  to   space 2048K, 0% used [0x00000000d6f00000,0x00000000d6f00000,0x00000000d7100000)
 ParOldGen       total 68608K, used 14502K [0x0000000080000000, 0x0000000084300000, 0x00000000d5580000)
  object space 68608K, 21% used [0x0000000080000000,0x0000000080e299a0,0x0000000084300000)
 Metaspace       used 31000K, committed 32064K, reserved 1114112K
  class space    used 3144K, committed 3584K, reserved 1048576K
}
Event: 9.157 GC heap after
{Heap after GC invocations=12 (full 1):
 PSYoungGen      total 24064K, used 1285K [0x00000000d5580000, 0x00000000d7180000, 0x0000000100000000)
  eden space 22528K, 0% used [0x00000000d5580000,0x00000000d5580000,0x00000000d6b80000)
  from space 1536K, 83% used [0x00000000d6f00000,0x00000000d70417a8,0x00000000d7080000)
  to   space 1024K, 0% used [0x00000000d7080000,0x00000000d7080000,0x00000000d7180000)
 ParOldGen       total 68608K, used 16248K [0x0000000080000000, 0x0000000084300000, 0x00000000d5580000)
  object space 68608K, 23% used [0x0000000080000000,0x0000000080fde078,0x0000000084300000)
 Metaspace       used 31000K, committed 32064K, reserved 1114112K
  class space    used 3144K, committed 3584K, reserved 1048576K
}
Event: 9.384 GC heap before
{Heap before GC invocations=13 (full 1):
 PSYoungGen      total 24064K, used 23813K [0x00000000d5580000, 0x00000000d7180000, 0x0000000100000000)
  eden space 22528K, 100% used [0x00000000d5580000,0x00000000d6b80000,0x00000000d6b80000)
  from space 1536K, 83% used [0x00000000d6f00000,0x00000000d70417a8,0x00000000d7080000)
  to   space 1024K, 0% used [0x00000000d7080000,0x00000000d7080000,0x00000000d7180000)
 ParOldGen       total 68608K, used 16248K [0x0000000080000000, 0x0000000084300000, 0x00000000d5580000)
  object space 68608K, 23% used [0x0000000080000000,0x0000000080fde078,0x0000000084300000)
 Metaspace       used 32831K, committed 33920K, reserved 1114112K
  class space    used 3379K, committed 3840K, reserved 1048576K
}
Event: 9.386 GC heap after
{Heap after GC invocations=13 (full 1):
 PSYoungGen      total 23040K, used 832K [0x00000000d5580000, 0x00000000d7180000, 0x0000000100000000)
  eden space 22016K, 0% used [0x00000000d5580000,0x00000000d5580000,0x00000000d6b00000)
  from space 1024K, 81% used [0x00000000d7080000,0x00000000d7150000,0x00000000d7180000)
  to   space 1536K, 0% used [0x00000000d6e80000,0x00000000d6e80000,0x00000000d7000000)
 ParOldGen       total 68608K, used 17351K [0x0000000080000000, 0x0000000084300000, 0x00000000d5580000)
  object space 68608K, 25% used [0x0000000080000000,0x00000000810f1d68,0x0000000084300000)
 Metaspace       used 32831K, committed 33920K, reserved 1114112K
  class space    used 3379K, committed 3840K, reserved 1048576K
}
Event: 9.930 GC heap before
{Heap before GC invocations=14 (full 1):
 PSYoungGen      total 23040K, used 22848K [0x00000000d5580000, 0x00000000d7180000, 0x0000000100000000)
  eden space 22016K, 100% used [0x00000000d5580000,0x00000000d6b00000,0x00000000d6b00000)
  from space 1024K, 81% used [0x00000000d7080000,0x00000000d7150000,0x00000000d7180000)
  to   space 1536K, 0% used [0x00000000d6e80000,0x00000000d6e80000,0x00000000d7000000)
 ParOldGen       total 68608K, used 17351K [0x0000000080000000, 0x0000000084300000, 0x00000000d5580000)
  object space 68608K, 25% used [0x0000000080000000,0x00000000810f1d68,0x0000000084300000)
 Metaspace       used 34833K, committed 35840K, reserved 1114112K
  class space    used 3652K, committed 4096K, reserved 1048576K
}
Event: 9.933 GC heap after
{Heap after GC invocations=14 (full 1):
 PSYoungGen      total 23552K, used 736K [0x00000000d5580000, 0x00000000d7100000, 0x0000000100000000)
  eden space 22016K, 0% used [0x00000000d5580000,0x00000000d5580000,0x00000000d6b00000)
  from space 1536K, 47% used [0x00000000d6e80000,0x00000000d6f38000,0x00000000d7000000)
  to   space 1024K, 0% used [0x00000000d7000000,0x00000000d7000000,0x00000000d7100000)
 ParOldGen       total 68608K, used 18004K [0x0000000080000000, 0x0000000084300000, 0x00000000d5580000)
  object space 68608K, 26% used [0x0000000080000000,0x0000000081195000,0x0000000084300000)
 Metaspace       used 34833K, committed 35840K, reserved 1114112K
  class space    used 3652K, committed 4096K, reserved 1048576K
}
Event: 9.962 GC heap before
{Heap before GC invocations=15 (full 1):
 PSYoungGen      total 23552K, used 1013K [0x00000000d5580000, 0x00000000d7100000, 0x0000000100000000)
  eden space 22016K, 1% used [0x00000000d5580000,0x00000000d55c5408,0x00000000d6b00000)
  from space 1536K, 47% used [0x00000000d6e80000,0x00000000d6f38000,0x00000000d7000000)
  to   space 1024K, 0% used [0x00000000d7000000,0x00000000d7000000,0x00000000d7100000)
 ParOldGen       total 68608K, used 18004K [0x0000000080000000, 0x0000000084300000, 0x00000000d5580000)
  object space 68608K, 26% used [0x0000000080000000,0x0000000081195000,0x0000000084300000)
 Metaspace       used 34847K, committed 35840K, reserved 1114112K
  class space    used 3653K, committed 4096K, reserved 1048576K
}
Event: 9.965 GC heap after
{Heap after GC invocations=15 (full 1):
 PSYoungGen      total 22528K, used 182K [0x00000000d5580000, 0x00000000d7080000, 0x0000000100000000)
  eden space 22016K, 0% used [0x00000000d5580000,0x00000000d5580000,0x00000000d6b00000)
  from space 512K, 35% used [0x00000000d7000000,0x00000000d702db38,0x00000000d7080000)
  to   space 512K, 0% used [0x00000000d6f80000,0x00000000d6f80000,0x00000000d7000000)
 ParOldGen       total 68608K, used 18646K [0x0000000080000000, 0x0000000084300000, 0x00000000d5580000)
  object space 68608K, 27% used [0x0000000080000000,0x0000000081235878,0x0000000084300000)
 Metaspace       used 34847K, committed 35840K, reserved 1114112K
  class space    used 3653K, committed 4096K, reserved 1048576K
}
Event: 9.965 GC heap before
{Heap before GC invocations=16 (full 2):
 PSYoungGen      total 22528K, used 182K [0x00000000d5580000, 0x00000000d7080000, 0x0000000100000000)
  eden space 22016K, 0% used [0x00000000d5580000,0x00000000d5580000,0x00000000d6b00000)
  from space 512K, 35% used [0x00000000d7000000,0x00000000d702db38,0x00000000d7080000)
  to   space 512K, 0% used [0x00000000d6f80000,0x00000000d6f80000,0x00000000d7000000)
 ParOldGen       total 68608K, used 18646K [0x0000000080000000, 0x0000000084300000, 0x00000000d5580000)
  object space 68608K, 27% used [0x0000000080000000,0x0000000081235878,0x0000000084300000)
 Metaspace       used 34847K, committed 35840K, reserved 1114112K
  class space    used 3653K, committed 4096K, reserved 1048576K
}
Event: 9.996 GC heap after
{Heap after GC invocations=16 (full 2):
 PSYoungGen      total 22528K, used 0K [0x00000000d5580000, 0x00000000d7080000, 0x0000000100000000)
  eden space 22016K, 0% used [0x00000000d5580000,0x00000000d5580000,0x00000000d6b00000)
  from space 512K, 0% used [0x00000000d7000000,0x00000000d7000000,0x00000000d7080000)
  to   space 512K, 0% used [0x00000000d6f80000,0x00000000d6f80000,0x00000000d7000000)
 ParOldGen       total 68608K, used 18244K [0x0000000080000000, 0x0000000084300000, 0x00000000d5580000)
  object space 68608K, 26% used [0x0000000080000000,0x00000000811d1190,0x0000000084300000)
 Metaspace       used 34847K, committed 35840K, reserved 1114112K
  class space    used 3653K, committed 4096K, reserved 1048576K
}
Event: 10.523 GC heap before
{Heap before GC invocations=17 (full 2):
 PSYoungGen      total 22528K, used 22016K [0x00000000d5580000, 0x00000000d7080000, 0x0000000100000000)
  eden space 22016K, 100% used [0x00000000d5580000,0x00000000d6b00000,0x00000000d6b00000)
  from space 512K, 0% used [0x00000000d7000000,0x00000000d7000000,0x00000000d7080000)
  to   space 512K, 0% used [0x00000000d6f80000,0x00000000d6f80000,0x00000000d7000000)
 ParOldGen       total 68608K, used 18244K [0x0000000080000000, 0x0000000084300000, 0x00000000d5580000)
  object space 68608K, 26% used [0x0000000080000000,0x00000000811d11a8,0x0000000084300000)
 Metaspace       used 37323K, committed 38400K, reserved 1114112K
  class space    used 3972K, committed 4416K, reserved 1048576K
}
Event: 10.527 GC heap after
{Heap after GC invocations=17 (full 2):
 PSYoungGen      total 22528K, used 512K [0x00000000d5580000, 0x00000000d7080000, 0x0000000100000000)
  eden space 22016K, 0% used [0x00000000d5580000,0x00000000d5580000,0x00000000d6b00000)
  from space 512K, 100% used [0x00000000d6f80000,0x00000000d7000000,0x00000000d7000000)
  to   space 512K, 0% used [0x00000000d7000000,0x00000000d7000000,0x00000000d7080000)
 ParOldGen       total 68608K, used 18867K [0x0000000080000000, 0x0000000084300000, 0x00000000d5580000)
  object space 68608K, 27% used [0x0000000080000000,0x000000008126cea8,0x0000000084300000)
 Metaspace       used 37323K, committed 38400K, reserved 1114112K
  class space    used 3972K, committed 4416K, reserved 1048576K
}
Event: 11.321 GC heap before
{Heap before GC invocations=18 (full 2):
 PSYoungGen      total 22528K, used 22528K [0x00000000d5580000, 0x00000000d7080000, 0x0000000100000000)
  eden space 22016K, 100% used [0x00000000d5580000,0x00000000d6b00000,0x00000000d6b00000)
  from space 512K, 100% used [0x00000000d6f80000,0x00000000d7000000,0x00000000d7000000)
  to   space 512K, 0% used [0x00000000d7000000,0x00000000d7000000,0x00000000d7080000)
 ParOldGen       total 68608K, used 18896K [0x0000000080000000, 0x0000000084300000, 0x00000000d5580000)
  object space 68608K, 27% used [0x0000000080000000,0x0000000081274220,0x0000000084300000)
 Metaspace       used 39975K, committed 41088K, reserved 1114112K
  class space    used 4315K, committed 4800K, reserved 1048576K
}
Event: 11.328 GC heap after
{Heap after GC invocations=18 (full 2):
 PSYoungGen      total 22528K, used 512K [0x00000000d5580000, 0x00000000d7080000, 0x0000000100000000)
  eden space 22016K, 0% used [0x00000000d5580000,0x00000000d5580000,0x00000000d6b00000)
  from space 512K, 100% used [0x00000000d7000000,0x00000000d7080000,0x00000000d7080000)
  to   space 2560K, 0% used [0x00000000d6b80000,0x00000000d6b80000,0x00000000d6e00000)
 ParOldGen       total 68608K, used 20347K [0x0000000080000000, 0x0000000084300000, 0x00000000d5580000)
  object space 68608K, 29% used [0x0000000080000000,0x00000000813decf8,0x0000000084300000)
 Metaspace       used 39975K, committed 41088K, reserved 1114112K
  class space    used 4315K, committed 4800K, reserved 1048576K
}
Event: 12.048 GC heap before
{Heap before GC invocations=19 (full 2):
 PSYoungGen      total 22528K, used 22528K [0x00000000d5580000, 0x00000000d7080000, 0x0000000100000000)
  eden space 22016K, 100% used [0x00000000d5580000,0x00000000d6b00000,0x00000000d6b00000)
  from space 512K, 100% used [0x00000000d7000000,0x00000000d7080000,0x00000000d7080000)
  to   space 2560K, 0% used [0x00000000d6b80000,0x00000000d6b80000,0x00000000d6e00000)
 ParOldGen       total 68608K, used 20347K [0x0000000080000000, 0x0000000084300000, 0x00000000d5580000)
  object space 68608K, 29% used [0x0000000080000000,0x00000000813decf8,0x0000000084300000)
 Metaspace       used 42347K, committed 43520K, reserved 1114112K
  class space    used 4597K, committed 5120K, reserved 1048576K
}
Event: 12.050 GC heap after
{Heap after GC invocations=19 (full 2):
 PSYoungGen      total 24576K, used 2513K [0x00000000d5580000, 0x00000000d7100000, 0x0000000100000000)
  eden space 22016K, 0% used [0x00000000d5580000,0x00000000d5580000,0x00000000d6b00000)
  from space 2560K, 98% used [0x00000000d6b80000,0x00000000d6df4648,0x00000000d6e00000)
  to   space 3072K, 0% used [0x00000000d6e00000,0x00000000d6e00000,0x00000000d7100000)
 ParOldGen       total 68608K, used 20867K [0x0000000080000000, 0x0000000084300000, 0x00000000d5580000)
  object space 68608K, 30% used [0x0000000080000000,0x0000000081460cf8,0x0000000084300000)
 Metaspace       used 42347K, committed 43520K, reserved 1114112K
  class space    used 4597K, committed 5120K, reserved 1048576K
}
Event: 12.774 GC heap before
{Heap before GC invocations=20 (full 2):
 PSYoungGen      total 24576K, used 24529K [0x00000000d5580000, 0x00000000d7100000, 0x0000000100000000)
  eden space 22016K, 100% used [0x00000000d5580000,0x00000000d6b00000,0x00000000d6b00000)
  from space 2560K, 98% used [0x00000000d6b80000,0x00000000d6df4648,0x00000000d6e00000)
  to   space 3072K, 0% used [0x00000000d6e00000,0x00000000d6e00000,0x00000000d7100000)
 ParOldGen       total 68608K, used 20867K [0x0000000080000000, 0x0000000084300000, 0x00000000d5580000)
  object space 68608K, 30% used [0x0000000080000000,0x0000000081460cf8,0x0000000084300000)
 Metaspace       used 44584K, committed 45824K, reserved 1114112K
  class space    used 4863K, committed 5440K, reserved 1048576K
}
Event: 12.778 GC heap after
{Heap after GC invocations=20 (full 2):
 PSYoungGen      total 25088K, used 2640K [0x00000000d5580000, 0x00000000d7100000, 0x0000000100000000)
  eden space 22016K, 0% used [0x00000000d5580000,0x00000000d5580000,0x00000000d6b00000)
  from space 3072K, 85% used [0x00000000d6e00000,0x00000000d7094010,0x00000000d7100000)
  to   space 3072K, 0% used [0x00000000d6b00000,0x00000000d6b00000,0x00000000d6e00000)
 ParOldGen       total 68608K, used 23282K [0x0000000080000000, 0x0000000084300000, 0x00000000d5580000)
  object space 68608K, 33% used [0x0000000080000000,0x00000000816bc870,0x0000000084300000)
 Metaspace       used 44584K, committed 45824K, reserved 1114112K
  class space    used 4863K, committed 5440K, reserved 1048576K
}

Dll operation events (10 events):
Event: 0.014 Loaded shared library c:\Users\ASUS\.vscode\extensions\redhat.java-1.47.0-win32-x64\jre\21.0.8-win32-x86_64\bin\java.dll
Event: 0.126 Loaded shared library c:\Users\ASUS\.vscode\extensions\redhat.java-1.47.0-win32-x64\jre\21.0.8-win32-x86_64\bin\zip.dll
Event: 0.162 Loaded shared library C:\Users\ASUS\.vscode\extensions\redhat.java-1.47.0-win32-x64\jre\21.0.8-win32-x86_64\bin\instrument.dll
Event: 0.169 Loaded shared library C:\Users\ASUS\.vscode\extensions\redhat.java-1.47.0-win32-x64\jre\21.0.8-win32-x86_64\bin\net.dll
Event: 0.178 Loaded shared library C:\Users\ASUS\.vscode\extensions\redhat.java-1.47.0-win32-x64\jre\21.0.8-win32-x86_64\bin\nio.dll
Event: 0.184 Loaded shared library C:\Users\ASUS\.vscode\extensions\redhat.java-1.47.0-win32-x64\jre\21.0.8-win32-x86_64\bin\zip.dll
Event: 0.248 Loaded shared library C:\Users\ASUS\.vscode\extensions\redhat.java-1.47.0-win32-x64\jre\21.0.8-win32-x86_64\bin\jimage.dll
Event: 0.413 Loaded shared library c:\Users\ASUS\.vscode\extensions\redhat.java-1.47.0-win32-x64\jre\21.0.8-win32-x86_64\bin\verify.dll
Event: 2.179 Loaded shared library C:\Users\ASUS\AppData\Roaming\Code\User\globalStorage\redhat.java\1.47.0\config_win\org.eclipse.equinox.launcher\org.eclipse.equinox.launcher.win32.win32.x86_64_1.2.1400.v20250801-0854\eclipse_11916.dll
Event: 6.395 Loaded shared library C:\Users\ASUS\AppData\Local\Temp\jna-2018896\jna14876265593099734905.dll

Deoptimization events (20 events):
Event: 13.019 Thread 0x0000018afa6ccec0 DEOPT PACKING pc=0x0000018ae5d3035c sp=0x00000073904fe280
Event: 13.019 Thread 0x0000018afa6ccec0 DEOPT UNPACKING pc=0x0000018ae5553aa2 sp=0x00000073904fe268 mode 2
Event: 13.141 Thread 0x0000018afa6ccec0 Uncommon trap: trap_request=0xffffff45 fr.pc=0x0000018ae5cc49f4 relative=0x0000000000000a54
Event: 13.141 Thread 0x0000018afa6ccec0 Uncommon trap: reason=unstable_if action=reinterpret pc=0x0000018ae5cc49f4 method=sun.nio.cs.StreamDecoder.implRead([CII)I @ 36 c2
Event: 13.141 Thread 0x0000018afa6ccec0 DEOPT PACKING pc=0x0000018ae5cc49f4 sp=0x00000073904fdfc0
Event: 13.141 Thread 0x0000018afa6ccec0 DEOPT UNPACKING pc=0x0000018ae5553aa2 sp=0x00000073904fdf80 mode 2
Event: 13.370 Thread 0x0000018afa6ccec0 Uncommon trap: trap_request=0xffffff45 fr.pc=0x0000018ae5ca3fa8 relative=0x0000000000000b28
Event: 13.370 Thread 0x0000018afa6ccec0 Uncommon trap: reason=unstable_if action=reinterpret pc=0x0000018ae5ca3fa8 method=org.eclipse.osgi.internal.loader.BundleLoader.getPackageName(Ljava/lang/String;)Ljava/lang/String; @ 12 c2
Event: 13.371 Thread 0x0000018afa6ccec0 DEOPT PACKING pc=0x0000018ae5ca3fa8 sp=0x00000073904fda60
Event: 13.371 Thread 0x0000018afa6ccec0 DEOPT UNPACKING pc=0x0000018ae5553aa2 sp=0x00000073904fd9d0 mode 2
Event: 13.371 Thread 0x0000018afa6ccec0 Uncommon trap: trap_request=0xffffff45 fr.pc=0x0000018ae5ceda04 relative=0x0000000000004f44
Event: 13.371 Thread 0x0000018afa6ccec0 Uncommon trap: reason=unstable_if action=reinterpret pc=0x0000018ae5ceda04 method=org.eclipse.osgi.internal.loader.BundleLoader.getPackageName(Ljava/lang/String;)Ljava/lang/String; @ 12 c2
Event: 13.371 Thread 0x0000018afa6ccec0 DEOPT PACKING pc=0x0000018ae5ceda04 sp=0x00000073904fd900
Event: 13.371 Thread 0x0000018afa6ccec0 DEOPT UNPACKING pc=0x0000018ae5553aa2 sp=0x00000073904fd870 mode 2
Event: 13.426 Thread 0x0000018afa6ccec0 Uncommon trap: trap_request=0xffffff45 fr.pc=0x0000018ae5d7f75c relative=0x000000000000073c
Event: 13.426 Thread 0x0000018afa6ccec0 Uncommon trap: reason=unstable_if action=reinterpret pc=0x0000018ae5d7f75c method=com.google.gson.internal.LinkedTreeMap.find(Ljava/lang/Object;Z)Lcom/google/gson/internal/LinkedTreeMap$Node; @ 72 c2
Event: 13.426 Thread 0x0000018afa6ccec0 DEOPT PACKING pc=0x0000018ae5d7f75c sp=0x00000073904fe140
Event: 13.426 Thread 0x0000018afa6ccec0 DEOPT UNPACKING pc=0x0000018ae5553aa2 sp=0x00000073904fe0e8 mode 2
Event: 13.670 Thread 0x0000018afa6ccec0 DEOPT PACKING pc=0x0000018adeb24f9f sp=0x00000073904fe0b0
Event: 13.670 Thread 0x0000018afa6ccec0 DEOPT UNPACKING pc=0x0000018ae5554242 sp=0x00000073904fd588 mode 0

Classes loaded (20 events):
Event: 12.728 Loading class java/util/concurrent/ForkJoinTask$AdaptedCallable
Event: 12.728 Loading class java/util/concurrent/ForkJoinTask$AdaptedCallable done
Event: 12.735 Loading class jdk/internal/event/ThreadSleepEvent
Event: 12.735 Loading class jdk/internal/event/ThreadSleepEvent done
Event: 12.737 Loading class java/text/ParsePosition
Event: 12.737 Loading class java/text/ParsePosition done
Event: 12.737 Loading class java/text/CalendarBuilder
Event: 12.737 Loading class java/text/CalendarBuilder done
Event: 12.742 Loading class java/time/format/DateTimeParseContext
Event: 12.742 Loading class java/time/format/DateTimeParseContext done
Event: 12.743 Loading class java/time/format/Parsed
Event: 12.743 Loading class java/time/format/Parsed done
Event: 12.783 Loading class sun/nio/ch/PendingFuture
Event: 12.783 Loading class sun/nio/ch/PendingFuture done
Event: 12.783 Loading class sun/nio/ch/WindowsAsynchronousFileChannelImpl$ReadTask
Event: 12.783 Loading class sun/nio/ch/Iocp$ResultHandler
Event: 12.783 Loading class sun/nio/ch/Iocp$ResultHandler done
Event: 12.783 Loading class sun/nio/ch/WindowsAsynchronousFileChannelImpl$ReadTask done
Event: 12.815 Loading class sun/nio/ch/WindowsAsynchronousFileChannelImpl$WriteTask
Event: 12.815 Loading class sun/nio/ch/WindowsAsynchronousFileChannelImpl$WriteTask done

Classes unloaded (7 events):
Event: 7.412 Thread 0x0000018adae87a80 Unloading class 0x0000018a811a8c00 'java/lang/invoke/LambdaForm$MH+0x0000018a811a8c00'
Event: 7.412 Thread 0x0000018adae87a80 Unloading class 0x0000018a811a8800 'java/lang/invoke/LambdaForm$MH+0x0000018a811a8800'
Event: 7.412 Thread 0x0000018adae87a80 Unloading class 0x0000018a811a8400 'java/lang/invoke/LambdaForm$MH+0x0000018a811a8400'
Event: 7.412 Thread 0x0000018adae87a80 Unloading class 0x0000018a811a8000 'java/lang/invoke/LambdaForm$MH+0x0000018a811a8000'
Event: 7.412 Thread 0x0000018adae87a80 Unloading class 0x0000018a811a7c00 'java/lang/invoke/LambdaForm$BMH+0x0000018a811a7c00'
Event: 7.412 Thread 0x0000018adae87a80 Unloading class 0x0000018a811a7800 'java/lang/invoke/LambdaForm$DMH+0x0000018a811a7800'
Event: 7.412 Thread 0x0000018adae87a80 Unloading class 0x0000018a811a6400 'java/lang/invoke/LambdaForm$DMH+0x0000018a811a6400'

Classes redefined (0 events):
No events

Internal exceptions (20 events):
Event: 12.055 Thread 0x0000018af72ba9f0 Exception <a 'sun/nio/fs/WindowsException'{0x00000000d5584068}> (0x00000000d5584068) 
thrown [s\src\hotspot\share\prims\jni.cpp, line 520]
Event: 12.055 Thread 0x0000018af72ba9f0 Exception <a 'sun/nio/fs/WindowsException'{0x00000000d5584698}> (0x00000000d5584698) 
thrown [s\src\hotspot\share\prims\jni.cpp, line 520]
Event: 12.064 Thread 0x0000018af72ba9f0 Exception <a 'sun/nio/fs/WindowsException'{0x00000000d5673f48}> (0x00000000d5673f48) 
thrown [s\src\hotspot\share\prims\jni.cpp, line 520]
Event: 12.064 Thread 0x0000018af72ba9f0 Exception <a 'sun/nio/fs/WindowsException'{0x00000000d5674578}> (0x00000000d5674578) 
thrown [s\src\hotspot\share\prims\jni.cpp, line 520]
Event: 12.078 Thread 0x0000018adade8ce0 Exception <a 'java/lang/NoSuchMethodError'{0x00000000d571e9c0}: 'java.lang.Object java.lang.invoke.DirectMethodHandle$Holder.invokeStatic(java.lang.Object, long, java.lang.Object)'> (0x00000000d571e9c0) 
thrown [s\src\hotspot\share\interpreter\linkResolver.cpp, line 773]
Event: 12.080 Thread 0x0000018adade8ce0 Exception <a 'java/lang/NoSuchMethodError'{0x00000000d5722518}: 'java.lang.Object java.lang.invoke.DirectMethodHandle$Holder.invokeStaticInit(java.lang.Object, long, java.lang.Object)'> (0x00000000d5722518) 
thrown [s\src\hotspot\share\interpreter\linkResolver.cpp, line 773]
Event: 12.081 Thread 0x0000018adade8ce0 Exception <a 'java/lang/NoSuchMethodError'{0x00000000d5728648}: 'java.lang.Object java.lang.invoke.DirectMethodHandle$Holder.newInvokeSpecial(java.lang.Object, long)'> (0x00000000d5728648) 
thrown [s\src\hotspot\share\interpreter\linkResolver.cpp, line 773]
Event: 12.180 Thread 0x0000018af72ba9f0 Exception <a 'sun/nio/fs/WindowsException'{0x00000000d5b24c58}> (0x00000000d5b24c58) 
thrown [s\src\hotspot\share\prims\jni.cpp, line 520]
Event: 12.200 Thread 0x0000018af72ba9f0 Exception <a 'java/io/FileNotFoundException'{0x00000000d5c34ce0}> (0x00000000d5c34ce0) 
thrown [s\src\hotspot\share\prims\jni.cpp, line 520]
Event: 12.200 Thread 0x0000018af72ba9f0 Exception <a 'java/io/FileNotFoundException'{0x00000000d5c35f58}> (0x00000000d5c35f58) 
thrown [s\src\hotspot\share\prims\jni.cpp, line 520]
Event: 12.205 Thread 0x0000018af72ba9f0 Exception <a 'java/lang/NoSuchMethodError'{0x00000000d5c43de0}: 'java.lang.Object java.lang.invoke.DirectMethodHandle$Holder.newInvokeSpecial(java.lang.Object, java.lang.Object, java.lang.Object, int)'> (0x00000000d5c43de0) 
thrown [s\src\hotspot\share\interpreter\linkResolver.cpp, line 773]
Event: 12.205 Thread 0x0000018af72ba9f0 Exception <a 'java/lang/NoSuchMethodError'{0x00000000d5c47d20}: 'java.lang.Object java.lang.invoke.DirectMethodHandle$Holder.invokeSpecial(java.lang.Object, java.lang.Object, java.lang.Object, java.lang.Object, int)'> (0x00000000d5c47d20) 
thrown [s\src\hotspot\share\interpreter\linkResolver.cpp, line 773]
Event: 12.205 Thread 0x0000018af72ba9f0 Exception <a 'java/lang/NoSuchMethodError'{0x00000000d5c4b1c8}: 'java.lang.Object java.lang.invoke.Invokers$Holder.linkToTargetMethod(java.lang.Object, java.lang.Object, int, java.lang.Object)'> (0x00000000d5c4b1c8) 
thrown [s\src\hotspot\share\interpreter\linkResolver.cpp, line 773]
Event: 12.564 Thread 0x0000018adade8ce0 Exception <a 'java/lang/NoSuchMethodError'{0x00000000d6727258}: 'void java.lang.invoke.DirectMethodHandle$Holder.invokeSpecial(java.lang.Object, java.lang.Object, java.lang.Object, java.lang.Object, java.lang.Object, java.lang.Object)'> (0x00000000d6727258) 
thrown [s\src\hotspot\share\interpreter\linkResolver.cpp, line 773]
Event: 12.564 Thread 0x0000018adade8ce0 Exception <a 'java/lang/IncompatibleClassChangeError'{0x00000000d672f7b8}: Found class java.lang.Object, but interface was expected> (0x00000000d672f7b8) 
thrown [s\src\hotspot\share\interpreter\linkResolver.cpp, line 840]
Event: 12.565 Thread 0x0000018adade8ce0 Exception <a 'java/lang/IncompatibleClassChangeError'{0x00000000d6731aa8}: Found class java.lang.Object, but interface was expected> (0x00000000d6731aa8) 
thrown [s\src\hotspot\share\interpreter\linkResolver.cpp, line 840]
Event: 12.725 Thread 0x0000018af72ba9f0 Exception <a 'java/io/FileNotFoundException'{0x00000000d686a580}> (0x00000000d686a580) 
thrown [s\src\hotspot\share\prims\jni.cpp, line 520]
Event: 12.725 Thread 0x0000018af72ba9f0 Exception <a 'java/io/FileNotFoundException'{0x00000000d686b698}> (0x00000000d686b698) 
thrown [s\src\hotspot\share\prims\jni.cpp, line 520]
Event: 13.430 Thread 0x0000018afa6ccec0 Exception <a 'java/io/FileNotFoundException'{0x00000000d63e85b8}> (0x00000000d63e85b8) 
thrown [s\src\hotspot\share\prims\jni.cpp, line 520]
Event: 13.609 Thread 0x0000018afa6ccec0 Exception <a 'java/io/FileNotFoundException'{0x00000000d65fae90}> (0x00000000d65fae90) 
thrown [s\src\hotspot\share\prims\jni.cpp, line 520]

ZGC Phase Switch (0 events):
No events

VM Operations (20 events):
Event: 10.514 Executing VM operation: ParallelGCFailedAllocation (Allocation Failure)
Event: 10.514 Executing VM operation: ParallelGCFailedAllocation (Allocation Failure) done
Event: 10.514 Executing VM operation: ParallelGCSystemGC (GCLocker Initiated GC)
Event: 10.527 Executing VM operation: ParallelGCSystemGC (GCLocker Initiated GC) done
Event: 10.621 Executing VM operation: HandshakeAllThreads (Deoptimize)
Event: 10.621 Executing VM operation: HandshakeAllThreads (Deoptimize) done
Event: 11.020 Executing VM operation: HandshakeAllThreads (Deoptimize)
Event: 11.020 Executing VM operation: HandshakeAllThreads (Deoptimize) done
Event: 11.035 Executing VM operation: ICBufferFull
Event: 11.035 Executing VM operation: ICBufferFull done
Event: 11.320 Executing VM operation: ParallelGCFailedAllocation (Allocation Failure)
Event: 11.328 Executing VM operation: ParallelGCFailedAllocation (Allocation Failure) done
Event: 12.047 Executing VM operation: ParallelGCFailedAllocation (Allocation Failure)
Event: 12.050 Executing VM operation: ParallelGCFailedAllocation (Allocation Failure) done
Event: 12.478 Executing VM operation: HandshakeAllThreads (Deoptimize)
Event: 12.478 Executing VM operation: HandshakeAllThreads (Deoptimize) done
Event: 12.762 Executing VM operation: ParallelGCFailedAllocation (Allocation Failure)
Event: 12.778 Executing VM operation: ParallelGCFailedAllocation (Allocation Failure) done
Event: 13.415 Executing VM operation: HandshakeAllThreads (Deoptimize)
Event: 13.415 Executing VM operation: HandshakeAllThreads (Deoptimize) done

Memory protections (0 events):
No events

Nmethod flushes (20 events):
Event: 9.980 Thread 0x0000018adae87a80 flushing  nmethod 0x0000018ade61b190
Event: 9.980 Thread 0x0000018adae87a80 flushing  nmethod 0x0000018ade61e410
Event: 9.980 Thread 0x0000018adae87a80 flushing  nmethod 0x0000018ade64fb10
Event: 9.980 Thread 0x0000018adae87a80 flushing  nmethod 0x0000018ade650410
Event: 9.980 Thread 0x0000018adae87a80 flushing  nmethod 0x0000018ade650d10
Event: 9.980 Thread 0x0000018adae87a80 flushing  nmethod 0x0000018ade651f10
Event: 9.980 Thread 0x0000018adae87a80 flushing  nmethod 0x0000018ade653190
Event: 9.980 Thread 0x0000018adae87a80 flushing  nmethod 0x0000018ade654e90
Event: 9.980 Thread 0x0000018adae87a80 flushing  nmethod 0x0000018ade655390
Event: 9.980 Thread 0x0000018adae87a80 flushing  nmethod 0x0000018ade655c90
Event: 9.980 Thread 0x0000018adae87a80 flushing  nmethod 0x0000018ade656c90
Event: 9.980 Thread 0x0000018adae87a80 flushing  nmethod 0x0000018ade658710
Event: 9.980 Thread 0x0000018adae87a80 flushing  nmethod 0x0000018ade663c90
Event: 9.980 Thread 0x0000018adae87a80 flushing  nmethod 0x0000018ade6b2f90
Event: 9.980 Thread 0x0000018adae87a80 flushing  nmethod 0x0000018ade6b7710
Event: 9.980 Thread 0x0000018adae87a80 flushing  nmethod 0x0000018ade6c4810
Event: 9.980 Thread 0x0000018adae87a80 flushing  nmethod 0x0000018ade6f3c90
Event: 9.980 Thread 0x0000018adae87a80 flushing  nmethod 0x0000018ade706b90
Event: 9.980 Thread 0x0000018adae87a80 flushing  nmethod 0x0000018ade754010
Event: 9.980 Thread 0x0000018adae87a80 flushing  nmethod 0x0000018ade754490

Events (20 events):
Event: 11.806 Thread 0x0000018af72bd7e0 Thread added: 0x0000018af72bbda0
Event: 12.339 Thread 0x0000018adade8ce0 Thread added: 0x0000018af72b8fb0
Event: 12.339 Thread 0x0000018adade8ce0 Thread added: 0x0000018af72bcac0
Event: 12.339 Thread 0x0000018adade8ce0 Thread added: 0x0000018af72bb710
Event: 12.340 Thread 0x0000018adade8ce0 Thread added: 0x0000018af72bb080
Event: 12.340 Thread 0x0000018adade8ce0 Thread added: 0x0000018af72b6ee0
Event: 12.340 Thread 0x0000018adade8ce0 Thread added: 0x0000018af72b6850
Event: 12.340 Thread 0x0000018adade8ce0 Thread added: 0x0000018af72b8920
Event: 12.376 Thread 0x0000018adade8ce0 Thread added: 0x0000018af72b7570
Event: 12.383 Thread 0x0000018af73c4160 Thread exited: 0x0000018af73c4160
Event: 12.730 Thread 0x0000018af72ba9f0 Thread added: 0x0000018af72b7c00
Event: 12.731 Thread 0x0000018af72ba9f0 Thread added: 0x0000018af72b8290
Event: 12.733 Thread 0x0000018af72b8290 Thread added: 0x0000018af72b9cd0
Event: 12.733 Thread 0x0000018adade8ce0 Thread added: 0x0000018af72ba360
Event: 12.735 Thread 0x0000018af72b9cd0 Thread added: 0x0000018af72bc430
Event: 12.735 Thread 0x0000018adade8ce0 Thread added: 0x0000018afa6ccec0
Event: 12.757 Thread 0x0000018af182d540 Thread added: 0x0000018af72c6f70
Event: 12.783 Thread 0x0000018af72b7c00 Thread added: 0x0000018afa6cd550
Event: 13.006 Thread 0x0000018af72c6f70 Thread exited: 0x0000018af72c6f70
Event: 13.460 Thread 0x0000018af182d540 Thread added: 0x0000018af72c6f70


Dynamic libraries:
0x00007ff679390000 - 0x00007ff67939e000 	c:\Users\ASUS\.vscode\extensions\redhat.java-1.47.0-win32-x64\jre\21.0.8-win32-x86_64\bin\java.exe
0x00007ffeaedb0000 - 0x00007ffeaefc8000 	C:\WINDOWS\SYSTEM32\ntdll.dll
0x00007ffe70400000 - 0x00007ffe70420000 	C:\Program Files\Avast Software\Avast\aswhook.dll
0x00007ffeade90000 - 0x00007ffeadf54000 	C:\WINDOWS\System32\KERNEL32.DLL
0x00007ffeac3e0000 - 0x00007ffeac7b3000 	C:\WINDOWS\System32\KERNELBASE.dll
0x00007ffeac7c0000 - 0x00007ffeac8d1000 	C:\WINDOWS\System32\ucrtbase.dll
0x00007ffea4ef0000 - 0x00007ffea4f08000 	c:\Users\ASUS\.vscode\extensions\redhat.java-1.47.0-win32-x64\jre\21.0.8-win32-x86_64\bin\jli.dll
0x00007ffead660000 - 0x00007ffead812000 	C:\WINDOWS\System32\USER32.dll
0x00007ffeac190000 - 0x00007ffeac1b6000 	C:\WINDOWS\System32\win32u.dll
0x00007ffeacb10000 - 0x00007ffeacb39000 	C:\WINDOWS\System32\GDI32.dll
0x00007ffeac1c0000 - 0x00007ffeac2e3000 	C:\WINDOWS\System32\gdi32full.dll
0x00007ffeabff0000 - 0x00007ffeac08a000 	C:\WINDOWS\System32\msvcp_win.dll
0x00007ffe9bcd0000 - 0x00007ffe9bcee000 	c:\Users\ASUS\.vscode\extensions\redhat.java-1.47.0-win32-x64\jre\21.0.8-win32-x86_64\bin\VCRUNTIME140.dll
0x00007ffe94bb0000 - 0x00007ffe94e4c000 	C:\WINDOWS\WinSxS\amd64_microsoft.windows.common-controls_6595b64144ccf1df_6.0.22621.6060_none_2712eda17382d24b\COMCTL32.dll
0x00007ffead4f0000 - 0x00007ffead597000 	C:\WINDOWS\System32\msvcrt.dll
0x00007ffeadd30000 - 0x00007ffeadd61000 	C:\WINDOWS\System32\IMM32.DLL
0x00007ffea4990000 - 0x00007ffea499c000 	c:\Users\ASUS\.vscode\extensions\redhat.java-1.47.0-win32-x64\jre\21.0.8-win32-x86_64\bin\vcruntime140_1.dll
0x00007ffe610f0000 - 0x00007ffe6117d000 	c:\Users\ASUS\.vscode\extensions\redhat.java-1.47.0-win32-x64\jre\21.0.8-win32-x86_64\bin\msvcp140.dll
0x00007ffdd0580000 - 0x00007ffdd1317000 	c:\Users\ASUS\.vscode\extensions\redhat.java-1.47.0-win32-x64\jre\21.0.8-win32-x86_64\bin\server\jvm.dll
0x00007ffead5a0000 - 0x00007ffead651000 	C:\WINDOWS\System32\ADVAPI32.dll
0x00007ffead420000 - 0x00007ffead4c8000 	C:\WINDOWS\System32\sechost.dll
0x00007ffeac3b0000 - 0x00007ffeac3d8000 	C:\WINDOWS\System32\bcrypt.dll
0x00007ffeacd10000 - 0x00007ffeace28000 	C:\WINDOWS\System32\RPCRT4.dll
0x00007ffeae2d0000 - 0x00007ffeae341000 	C:\WINDOWS\System32\WS2_32.dll
0x00007ffeaace0000 - 0x00007ffeaad2d000 	C:\WINDOWS\SYSTEM32\POWRPROF.dll
0x00007ffea4cc0000 - 0x00007ffea4cf4000 	C:\WINDOWS\SYSTEM32\WINMM.dll
0x00007ffea1360000 - 0x00007ffea136a000 	C:\WINDOWS\SYSTEM32\VERSION.dll
0x00007ffeaacc0000 - 0x00007ffeaacd3000 	C:\WINDOWS\SYSTEM32\UMPDC.dll
0x00007ffeaaf70000 - 0x00007ffeaaf88000 	C:\WINDOWS\SYSTEM32\kernel.appcore.dll
0x00007ffe9a0b0000 - 0x00007ffe9a0ba000 	c:\Users\ASUS\.vscode\extensions\redhat.java-1.47.0-win32-x64\jre\21.0.8-win32-x86_64\bin\jimage.dll
0x00007ffe9e8c0000 - 0x00007ffe9eaf3000 	C:\WINDOWS\SYSTEM32\DBGHELP.DLL
0x00007ffead820000 - 0x00007ffeadbb2000 	C:\WINDOWS\System32\combase.dll
0x00007ffeadfd0000 - 0x00007ffeae0a8000 	C:\WINDOWS\System32\OLEAUT32.dll
0x00007ffe9cf90000 - 0x00007ffe9cfc2000 	C:\WINDOWS\SYSTEM32\dbgcore.DLL
0x00007ffeac090000 - 0x00007ffeac10b000 	C:\WINDOWS\System32\bcryptPrimitives.dll
0x00007ffe9a0a0000 - 0x00007ffe9a0af000 	c:\Users\ASUS\.vscode\extensions\redhat.java-1.47.0-win32-x64\jre\21.0.8-win32-x86_64\bin\instrument.dll
0x00007ffe98280000 - 0x00007ffe9829f000 	c:\Users\ASUS\.vscode\extensions\redhat.java-1.47.0-win32-x64\jre\21.0.8-win32-x86_64\bin\java.dll
0x00007ffeae4d0000 - 0x00007ffeaed6e000 	C:\WINDOWS\System32\SHELL32.dll
0x00007ffeabeb0000 - 0x00007ffeabfef000 	C:\WINDOWS\System32\wintypes.dll
0x00007ffea9d90000 - 0x00007ffeaa6a8000 	C:\WINDOWS\SYSTEM32\windows.storage.dll
0x00007ffeae350000 - 0x00007ffeae454000 	C:\WINDOWS\System32\SHCORE.dll
0x00007ffeae460000 - 0x00007ffeae4c9000 	C:\WINDOWS\System32\shlwapi.dll
0x00007ffeabde0000 - 0x00007ffeabe05000 	C:\WINDOWS\SYSTEM32\profapi.dll
0x00007ffe78380000 - 0x00007ffe78398000 	c:\Users\ASUS\.vscode\extensions\redhat.java-1.47.0-win32-x64\jre\21.0.8-win32-x86_64\bin\zip.dll
0x00007ffe82d30000 - 0x00007ffe82d40000 	C:\Users\ASUS\.vscode\extensions\redhat.java-1.47.0-win32-x64\jre\21.0.8-win32-x86_64\bin\net.dll
0x00007ffea7da0000 - 0x00007ffea7ecc000 	C:\WINDOWS\SYSTEM32\WINHTTP.dll
0x00007ffeab450000 - 0x00007ffeab4b9000 	C:\WINDOWS\system32\mswsock.dll
0x00007ffe78000000 - 0x00007ffe78016000 	C:\Users\ASUS\.vscode\extensions\redhat.java-1.47.0-win32-x64\jre\21.0.8-win32-x86_64\bin\nio.dll
0x00007ffe82c70000 - 0x00007ffe82c80000 	c:\Users\ASUS\.vscode\extensions\redhat.java-1.47.0-win32-x64\jre\21.0.8-win32-x86_64\bin\verify.dll
0x00007ffe5c0b0000 - 0x00007ffe5c0f4000 	C:\Users\ASUS\AppData\Roaming\Code\User\globalStorage\redhat.java\1.47.0\config_win\org.eclipse.equinox.launcher\org.eclipse.equinox.launcher.win32.win32.x86_64_1.2.1400.v20250801-0854\eclipse_11916.dll
0x00007ffeae130000 - 0x00007ffeae2d0000 	C:\WINDOWS\System32\ole32.dll
0x00007ffeab6a0000 - 0x00007ffeab6bb000 	C:\WINDOWS\SYSTEM32\CRYPTSP.dll
0x00007ffeaaed0000 - 0x00007ffeaaf07000 	C:\WINDOWS\system32\rsaenh.dll
0x00007ffeab540000 - 0x00007ffeab568000 	C:\WINDOWS\SYSTEM32\USERENV.dll
0x00007ffeab6c0000 - 0x00007ffeab6cc000 	C:\WINDOWS\SYSTEM32\CRYPTBASE.dll
0x00007ffeaa900000 - 0x00007ffeaa92d000 	C:\WINDOWS\SYSTEM32\IPHLPAPI.DLL
0x00007ffeadbe0000 - 0x00007ffeadbe9000 	C:\WINDOWS\System32\NSI.dll
0x00007ffe55880000 - 0x00007ffe558c9000 	C:\Users\ASUS\AppData\Local\Temp\jna-2018896\jna14876265593099734905.dll
0x00007ffeadfc0000 - 0x00007ffeadfc8000 	C:\WINDOWS\System32\PSAPI.DLL
0x00007ffea74c0000 - 0x00007ffea74d9000 	C:\WINDOWS\SYSTEM32\dhcpcsvc6.DLL
0x00007ffea7100000 - 0x00007ffea711f000 	C:\WINDOWS\SYSTEM32\dhcpcsvc.DLL

JVMTI agents:
c:\Users\ASUS\.vscode\extensions\redhat.java-1.47.0-win32-x64\lombok\lombok-1.18.39-4050.jar path:c:\Users\ASUS\.vscode\extensions\redhat.java-1.47.0-win32-x64\jre\21.0.8-win32-x86_64\bin\instrument.dll, loaded, initialized, instrumentlib options:none

dbghelp: loaded successfully - version: 4.0.5 - missing functions: none
symbol engine: initialized successfully - sym options: 0x614 - pdb path: .;c:\Users\ASUS\.vscode\extensions\redhat.java-1.47.0-win32-x64\jre\21.0.8-win32-x86_64\bin;C:\WINDOWS\SYSTEM32;C:\Program Files\Avast Software\Avast;C:\WINDOWS\WinSxS\amd64_microsoft.windows.common-controls_6595b64144ccf1df_6.0.22621.6060_none_2712eda17382d24b;c:\Users\ASUS\.vscode\extensions\redhat.java-1.47.0-win32-x64\jre\21.0.8-win32-x86_64\bin\server;C:\Users\ASUS\AppData\Roaming\Code\User\globalStorage\redhat.java\1.47.0\config_win\org.eclipse.equinox.launcher\org.eclipse.equinox.launcher.win32.win32.x86_64_1.2.1400.v20250801-0854;C:\Users\ASUS\AppData\Local\Temp\jna-2018896

VM Arguments:
jvm_args: --add-modules=ALL-SYSTEM --add-opens=java.base/java.util=ALL-UNNAMED --add-opens=java.base/java.lang=ALL-UNNAMED --add-opens=java.base/sun.nio.fs=ALL-UNNAMED -Declipse.application=org.eclipse.jdt.ls.core.id1 -Dosgi.bundles.defaultStartLevel=4 -Declipse.product=org.eclipse.jdt.ls.core.product -Djava.import.generatesMetadataFilesAtProjectRoot=false -DDetectVMInstallationsJob.disabled=true -Dfile.encoding=utf8 -XX:+UseParallelGC -XX:GCTimeRatio=4 -XX:AdaptiveSizePolicyWeight=90 -Dsun.zip.disableMemoryMapping=true -Xmx2G -Xms100m -Xlog:disable -javaagent:c:\Users\ASUS\.vscode\extensions\redhat.java-1.47.0-win32-x64\lombok\lombok-1.18.39-4050.jar -XX:+HeapDumpOnOutOfMemoryError -XX:HeapDumpPath=c:\Users\ASUS\AppData\Roaming\Code\User\workspaceStorage\41b0d790908de6682153e4c90fa9ee02\redhat.java -Daether.dependencyCollector.impl=bf 
java_command: c:\Users\ASUS\.vscode\extensions\redhat.java-1.47.0-win32-x64\server\plugins\org.eclipse.equinox.launcher_1.7.100.v20251014-1222.jar -configuration c:\Users\ASUS\AppData\Roaming\Code\User\globalStorage\redhat.java\1.47.0\config_win -data c:\Users\ASUS\AppData\Roaming\Code\User\workspaceStorage\41b0d790908de6682153e4c90fa9ee02\redhat.java\jdt_ws --pipe=\\.\pipe\lsp-d079cf50e6b1a3ede3d5f0f43080d5ae-sock
java_class_path (initial): c:\Users\ASUS\.vscode\extensions\redhat.java-1.47.0-win32-x64\server\plugins\org.eclipse.equinox.launcher_1.7.100.v20251014-1222.jar
Launcher Type: SUN_STANDARD

[Global flags]
    uintx AdaptiveSizePolicyWeight                 = 90                                        {product} {command line}
     intx CICompilerCount                          = 3                                         {product} {ergonomic}
    uintx GCTimeRatio                              = 4                                         {product} {command line}
     bool HeapDumpOnOutOfMemoryError               = true                                   {manageable} {command line}
    ccstr HeapDumpPath                             = c:\Users\ASUS\AppData\Roaming\Code\User\workspaceStorage\41b0d790908de6682153e4c90fa9ee02\redhat.java         {manageable} {command line}
   size_t InitialHeapSize                          = 104857600                                 {product} {command line}
   size_t MaxHeapSize                              = 2147483648                                {product} {command line}
   size_t MaxNewSize                               = 715653120                                 {product} {ergonomic}
   size_t MinHeapDeltaBytes                        = 524288                                    {product} {ergonomic}
   size_t MinHeapSize                              = 104857600                                 {product} {command line}
   size_t NewSize                                  = 34603008                                  {product} {ergonomic}
    uintx NonNMethodCodeHeapSize                   = 5832780                                {pd product} {ergonomic}
    uintx NonProfiledCodeHeapSize                  = 122912730                              {pd product} {ergonomic}
   size_t OldSize                                  = 70254592                                  {product} {ergonomic}
    uintx ProfiledCodeHeapSize                     = 122912730                              {pd product} {ergonomic}
    uintx ReservedCodeCacheSize                    = 251658240                              {pd product} {ergonomic}
     bool SegmentedCodeCache                       = true                                      {product} {ergonomic}
   size_t SoftMaxHeapSize                          = 2147483648                             {manageable} {ergonomic}
     bool UseCompressedOops                        = true                           {product lp64_product} {ergonomic}
     bool UseLargePagesIndividualAllocation        = false                                  {pd product} {ergonomic}
     bool UseParallelGC                            = true                                      {product} {command line}

Logging:
Log output configuration:
 #0: stdout all=off uptime,level,tags foldmultilines=false
 #1: stderr all=off uptime,level,tags foldmultilines=false

Environment Variables:
PATH=C:\Program Files (x86)\VMware\VMware Workstation\bin\;C:\app\ASUS\product\21c\dbhomeXE\bin;C:\Python312\Scripts\;C:\Python312\;C:\oraclexe\app\oracle\product\10.2.0\server\bin;C:\Python311\Scripts\;C:\Python311\;C:\Program Files\Common Files\Oracle\Java\javapath;C:\WINDOWS\system32;C:\WINDOWS;C:\WINDOWS\System32\Wbem;C:\WINDOWS\System32\WindowsPowerShell\v1.0\;C:\WINDOWS\System32\OpenSSH\;C:\ProgramData\ComposerSetup\bin;C:\ProgramData\chocolatey\bin;C:\HashiCorp\Vagrant\bin;C:\Program Files\Docker\Docker\resources\bin;C:\Program Files\nodejs\node_modules\npm;C:\xaamp\php;C:\Program Files (x86)\Microsoft SQL Server\110\DTS\Binn\;C:\Program Files (x86)\Microsoft SQL Server\110\Tools\Binn\;C:\Program Files (x86)\Microsoft SQL Server\110\Tools\Binn\ManagementStudio\;C:\Program Files (x86)\Microsoft Visual Studio 10.0\Common7\IDE\PrivateAssemblies\;C:\Program Files\Microsoft SQL Server\150\Tools\Binn\;C:\Program Files\Microsoft SQL Server\Client SDK\ODBC\170\Tools\Binn\;C:\Program Files\dotnet\;C:\xamp\php;C:\Program Files (x86)\Microsoft SQL Server\160\DTS\Binn\;C:\Program Files\Git\cmd;C:\Windows\System32;C:\Program Files\nodejs\;C:\Users\ASUS\scoop\shims;C:\Users\ASUS\AppData\Local\Programs\Microsoft VS Code\bin;C:\Program Files\nodejs\;C:\Program Files\nodejs\node_modules\npm;C:\Users\ASUS\AppData\Local\Microsoft\WindowsApps;C:\Users\ASUS\AppData\Local\GitHubDesktop\bin;C:\Users\ASUS\.dotnet\tools;C:\xamp\php;C:\Program Files\MongoDB\Server\5.0\bin;C:\Users\ASUS\Downloads\bigdata.zip\bigdata\DatabaseTools\bin;C:\Users\ASUS\AppData\Roaming\npm;C:\Program Files\apache-maven-3.9.9\bin;
USERNAME=ASUS
OS=Windows_NT
PROCESSOR_IDENTIFIER=AMD64 Family 23 Model 96 Stepping 1, AuthenticAMD
TMP=C:\Users\ASUS\AppData\Local\Temp
TEMP=C:\Users\ASUS\AppData\Local\Temp




Periodic native trim disabled

---------------  S Y S T E M  ---------------

OS:
 Windows 11 , 64 bit Build 22621 (10.0.22621.5415)
OS uptime: 0 days 4:12 hours
Hyper-V role detected

CPU: total 6 (initial active 6) (6 cores per cpu, 1 threads per core) family 23 model 96 stepping 1 microcode 0x0, cx8, cmov, fxsr, mmx, 3dnowpref, sse, sse2, sse3, ssse3, sse4a, sse4.1, sse4.2, popcnt, lzcnt, tsc, tscinvbit, avx, avx2, aes, clmul, bmi1, bmi2, adx, sha, fma, vzeroupper, clflush, clflushopt, hv, rdtscp, rdpid, f16c
Processor Information for the first 6 processors :
  Max Mhz: 2375, Current Mhz: 2375, Mhz Limit: 2375

Memory: 4k page, system-wide physical 15792M (1187M free)
TotalPageFile size 28632M (AvailPageFile size 38M)
current process WorkingSet (physical memory assigned to process): 217M, peak: 223M
current process commit charge ("private bytes"): 331M, peak: 337M

vm_info: OpenJDK 64-Bit Server VM (21.0.8+9-LTS) for windows-amd64 JRE (21.0.8+9-LTS), built on 2025-07-15T00:00:00Z by "admin" with MS VC++ 17.7 (VS2022)

END.
